<?xml version="1.0" encoding="UTF-8"?>
<testng-results ignored="0" total="1" passed="1" failed="0" skipped="0">
  <reporter-output>
  </reporter-output>
  <suite started-at="2024-02-18T17:00:03 IST" name="Default suite" finished-at="2024-02-18T17:00:05 IST" duration-ms="2005">
    <groups>
    </groups>
    <test started-at="2024-02-18T17:00:03 IST" name="Default test" finished-at="2024-02-18T17:00:05 IST" duration-ms="2005">
      <class name="com.qa.tests.PostAPITest">
        <test-method is-config="true" signature="setUp()[pri:0, instance:com.qa.tests.PostAPITest@f5acb9d]" started-at="2024-02-18T17:00:03 IST" name="setUp" finished-at="2024-02-18T17:00:03 IST" duration-ms="15" status="PASS">
          <reporter-output>
          </reporter-output>
        </test-method> <!-- setUp -->
        <test-method signature="postAITTest()[pri:0, instance:com.qa.tests.PostAPITest@f5acb9d]" started-at="2024-02-18T17:00:03 IST" name="postAITTest" finished-at="2024-02-18T17:00:05 IST" duration-ms="1898" status="PASS">
          <reporter-output>
          </reporter-output>
        </test-method> <!-- postAITTest -->
      </class> <!-- com.qa.tests.PostAPITest -->
    </test> <!-- Default test -->
  </suite> <!-- Default suite -->
</testng-results>
