<?xml version="1.0" encoding="UTF-8"?>
<testng-results ignored="0" total="1" passed="1" failed="0" skipped="0">
  <reporter-output>
  </reporter-output>
  <suite started-at="2024-02-20T12:16:53 IST" name="Default suite" finished-at="2024-02-20T12:16:55 IST" duration-ms="1404">
    <groups>
    </groups>
    <test started-at="2024-02-20T12:16:53 IST" name="Default test" finished-at="2024-02-20T12:16:55 IST" duration-ms="1404">
      <class name="com.qa.tests.GetBookAPITest">
        <test-method is-config="true" signature="setUp()[pri:0, instance:com.qa.tests.GetBookAPITest@f5acb9d]" started-at="2024-02-20T12:16:53 IST" name="setUp" finished-at="2024-02-20T12:16:53 IST" duration-ms="16" status="PASS">
          <reporter-output>
          </reporter-output>
        </test-method> <!-- setUp -->
        <test-method signature="getWithHeader()[pri:0, instance:com.qa.tests.GetBookAPITest@f5acb9d]" started-at="2024-02-20T12:16:53 IST" name="getWithHeader" finished-at="2024-02-20T12:16:55 IST" duration-ms="1288" status="PASS">
          <reporter-output>
          </reporter-output>
        </test-method> <!-- getWithHeader -->
      </class> <!-- com.qa.tests.GetBookAPITest -->
    </test> <!-- Default test -->
  </suite> <!-- Default suite -->
</testng-results>
